[00:22:45] [main/INFO] (FabricLoader) Loading for game Minecraft 1.16.1
[00:22:46] [main/INFO] (Fabric|Loader) [FabricLoader] Loading 44 mods: minecraft@1.16.1, fabric-screen-handler-api-v1@1.0.1+f362c86e02, fabric-renderer-api-v1@0.2.13+eae12eb802, fabric-networking-blockentity-v0@0.2.5+b50ffc7b02, fabric-keybindings-v0@0.2.0+3fa9f7c502, modmenu@1.14.5+build.30, cloth-basic-math@0.5.1, fabric-command-api-v1@1.0.8+5ce5339802, fabricloader@0.9.2+build.206, fabric-tool-attribute-api-v1@1.1.4+5794386e02, fabric-renderer-indigo@0.3.2+4d66bed502, fabric-containers-v0@0.1.8+045df74f02, fabric-dimensions-v1@1.0.0+a71b305302, fabric-object-builder-api-v1@1.5.5+e00ecb5f02, fabric-biomes-v1@0.2.7+059ea86602, fabric-events-interaction-v0@0.3.3+7066030f02, fabric-item-api-v1@1.0.0+16acbe5b02, fabric-crash-report-info-v1@0.1.2+b7f9825d02, fabric-api-base@0.1.3+12a8474c02, fabric-rendering-v0@1.1.0+5341049002, fabric-rendering-v1@1.1.2+346247d702, fabric-key-binding-api-v1@1.0.0+e16a977402, cloth-config2@4.6.0, fabric-rendering-data-attachment-v1@0.1.3+b7f9825d02, fabric-resource-loader-v0@0.2.6+f41e209802, fabric-textures-v0@1.0.4+eae12eb802, fabric-content-registries-v0@0.1.9+059ea86602, fabric-tag-extensions-v0@0.2.7+a4c57d8e02, fabric-rendering-fluids-v1@0.1.8+b7084faa02, fabric-registry-sync-v0@0.3.8+7dba2d6c02, fabric-commands-v0@0.2.0+52d3083602, fabric-blockrenderlayer-v1@1.1.4+c6a8ea8902, fabric-lifecycle-events-v1@1.0.0+b0993bc102, fabric-mining-levels-v0@0.1.2+b764ce9902, fabric-renderer-registries-v1@2.0.1+5a0f9a6002, fabric-events-lifecycle-v0@0.2.0+16acbe5b02, fabric-loot-tables-v1@0.1.10+059ea86602, fabric@0.14.1+build.372-1.16, fabric-models-v0@0.1.0+dfdb52d602, fabric-item-groups-v0@0.2.0+438f963602, fabric-particles-v1@0.2.1+0a6f2a7002, fabric-networking-v0@0.1.10+e00ecb5f02, fabric-object-builders-v0@0.6.0+da175ad602, beyondvanilla@0.1
[00:22:46] [main/INFO] (mixin) SpongePowered MIXIN Subsystem Version=0.8.1 Source=file:/C:/Users/Binkie/.gradle/caches/modules-2/files-2.1/net.fabricmc/sponge-mixin/0.8.1+build.21/94da90bdbee9f95bf6d6c41ca87943419a0b5624/sponge-mixin-0.8.1+build.21.jar Service=Knot/Fabric Env=CLIENT
[00:22:46] [main/INFO] (Fabric|MixinBootstrap) Loaded Fabric development mappings for mixin remapper!
[00:22:46] [main/INFO] (mixin) Remapping refMap fabric-networking-v0-refmap.json using remapper chain
[00:22:46] [main/INFO] (mixin) Remapping refMap fabric-networking-blockentity-v0-refmap.json using remapper chain
[00:22:46] [main/INFO] (mixin) Remapping refMap fabric-biomes-v1-refmap.json using remapper chain
[00:22:46] [main/INFO] (mixin) Remapping refMap fabric-screen-handler-api-v1-refmap.json using remapper chain
[00:22:46] [main/INFO] (mixin) Remapping refMap fabric-lifecycle-events-v1-refmap.json using remapper chain
[00:22:46] [main/INFO] (mixin) Remapping refMap fabric-containers-v0-refmap.json using remapper chain
[00:22:46] [main/INFO] (mixin) Remapping refMap fabric-renderer-indigo-refmap.json using remapper chain
[00:22:46] [main/INFO] (mixin) Remapping refMap fabric-rendering-data-attachment-v1-refmap.json using remapper chain
[00:22:46] [main/INFO] (mixin) Remapping refMap fabric-events-interaction-v0-refmap.json using remapper chain
[00:22:46] [main/INFO] (mixin) Remapping refMap fabric-item-api-v1-refmap.json using remapper chain
[00:22:46] [main/INFO] (mixin) Remapping refMap fabric-loot-tables-v1-refmap.json using remapper chain
[00:22:46] [main/INFO] (mixin) Remapping refMap fabric-object-builder-api-v1-refmap.json using remapper chain
[00:22:46] [main/INFO] (mixin) Remapping refMap fabric-dimensions-v1-refmap.json using remapper chain
[00:22:46] [main/INFO] (mixin) Remapping refMap fabric-renderer-registries-v1-refmap.json using remapper chain
[00:22:46] [main/INFO] (mixin) Remapping refMap fabric-textures-v0-refmap.json using remapper chain
[00:22:46] [main/INFO] (mixin) Remapping refMap fabric-registry-sync-v0-refmap.json using remapper chain
[00:22:46] [main/INFO] (mixin) Remapping refMap fabric-models-v0-refmap.json using remapper chain
[00:22:46] [main/INFO] (mixin) Remapping refMap fabric-blockrenderlayer-v1-refmap.json using remapper chain
[00:22:46] [main/INFO] (mixin) Remapping refMap fabric-renderer-api-v1-refmap.json using remapper chain
[00:22:46] [main/INFO] (mixin) Remapping refMap fabric-containers-v0-refmap.json using remapper chain
[00:22:46] [main/INFO] (mixin) Remapping refMap fabric-rendering-fluids-v1-refmap.json using remapper chain
[00:22:46] [main/INFO] (mixin) Remapping refMap fabric-resource-loader-v0-refmap.json using remapper chain
[00:22:46] [main/INFO] (mixin) Remapping refMap fabric-particles-v1-refmap.json using remapper chain
[00:22:46] [main/INFO] (mixin) Remapping refMap fabric-object-builders-refmap.json using remapper chain
[00:22:46] [main/INFO] (mixin) Remapping refMap fabric-tag-extensions-v0-refmap.json using remapper chain
[00:22:46] [main/INFO] (mixin) Remapping refMap fabric-tool-attribute-api-v1-refmap.json using remapper chain
[00:22:46] [main/INFO] (mixin) Remapping refMap fabric-rendering-v1-refmap.json using remapper chain
[00:22:46] [main/INFO] (mixin) Remapping refMap fabric-item-groups-v0-refmap.json using remapper chain
[00:22:46] [main/INFO] (mixin) Remapping refMap fabric-content-registries-v0-refmap.json using remapper chain
[00:22:46] [main/INFO] (mixin) Remapping refMap fabric-command-api-v1-refmap.json using remapper chain
[00:22:46] [main/INFO] (mixin) Remapping refMap fabric-crash-report-info-v1-refmap.json using remapper chain
[00:22:46] [main/INFO] (mixin) Remapping refMap fabric-key-binding-api-v1-refmap.json using remapper chain
[00:22:46] [main/INFO] (mixin) Remapping refMap fabric-renderer-api-v1-refmap.json using remapper chain
[00:22:46] [main/INFO] (mixin) Remapping refMap modmenu.refmap.json using remapper chain
[00:22:46] [main/WARN] (mixin) @Mixin target net/minecraft/server/world/ThreadedAnvilChunkStorage$EntityTracker is public in fabric-networking-v0.mixins.json:MixinEntityTracker and should be specified in value
[00:22:46] [main/WARN] (mixin) @Mixin target net/minecraft/client/render/block/BlockModelRenderer$AmbientOcclusionCalculator is public in fabric-renderer-indigo.mixins.json:MixinAmbientOcclusionCalculator and should be specified in value
[00:22:46] [main/WARN] (mixin) @Mixin target net/minecraft/client/render/chunk/ChunkBuilder$BuiltChunk$RebuildTask is public in fabric-renderer-indigo.mixins.json:MixinChunkRebuildTask and should be specified in value
[00:22:46] [main/WARN] (mixin) @Mixin target net/minecraft/client/particle/ParticleManager$SimpleSpriteProvider is public in fabric-particles-v1.mixins.json:ParticleManagerAccessor$SimpleSpriteProviderAccessor and should be specified in value
[00:22:46] [main/WARN] (mixin) @Mixin target net/minecraft/tag/Tag$1 is public in fabric-tag-extensions-v0.mixins.json:MixinTagImpl and should be specified in value
[00:22:46] [main/WARN] (mixin) @Mixin target net/minecraft/client/gui/widget/EntryListWidget$Entries is public in mixins.modmenu.json:MixinEntryListWidgetEntries and should be specified in value
[00:22:49] [main/INFO] (Minecraft) Environment: authHost='https://authserver.mojang.com', accountsHost='https://api.mojang.com', sessionHost='https://sessionserver.mojang.com', name='PROD'
[00:22:49] [main/INFO] (Minecraft) Setting user: Player604
[00:22:49] [main/ERROR] (Minecraft) No data fixer registered for beyondvanilla:loot_slime
[00:22:49] [main/INFO] (Indigo) [Indigo] Registering Indigo renderer!
[00:22:49] [main/INFO] (Minecraft) Backend library: LWJGL version 3.2.2 build 10
[00:22:50] [main/INFO] (Minecraft) Narrator library for x64 successfully loaded
[00:22:50] [main/INFO] (Minecraft) Reloading ResourceManager: Default, Fabric Screen Handler API (v1), Fabric Renderer API (v1), Fabric Networking Block Entity (v0), Fabric Key Bindings (v0), Mod Menu, Fabric Loader, Fabric Tool Attribute API (v1), Fabric Renderer - Indigo, Fabric Containers (v0), Fabric Object Builder API (v1), Fabric Biomes (v1), Fabric Events Interaction (v0), Fabric Item API (v1), Fabric Crash Report Info (v1), Fabric API Base, Fabric Rendering (v0), Fabric Rendering (v1), Fabric Key Binding API (v1), Cloth Config v4, Fabric Rendering Data Attachment (v1), Fabric Resource Loader (v0), Fabric Textures (v0), Fabric Content Registries (v0), Fabric Tag Extensions (v0), Fabric Rendering Fluids (v1), Fabric Registry Sync (v0), Fabric BlockRenderLayer Registration (v1), Fabric Lifecycle Events (v1), Fabric Mining Levels (v0), Fabric Renderer Registries (v1), Fabric Events Lifecycle (v0), Fabric Loot Tables (v1), Fabric API, Fabric Models (v0), Fabric Item Groups (v0), Fabric Networking (v0), Fabric Object Builders (v0), Beyond Vanilla
[00:22:52] [Realms Notification Availability checker #1/INFO] (Minecraft) Could not authorize you against Realms server: Invalid session id
[00:22:54] [main/INFO] (Minecraft) OpenAL initialized.
[00:22:54] [main/INFO] (Minecraft) Sound engine started
[00:22:54] [main/INFO] (Minecraft) Created: 1024x1024x0 minecraft:textures/atlas/blocks.png-atlas
[00:22:54] [main/INFO] (Minecraft) Created: 256x128x0 minecraft:textures/atlas/signs.png-atlas
[00:22:54] [main/INFO] (Minecraft) Created: 1024x512x0 minecraft:textures/atlas/banner_patterns.png-atlas
[00:22:54] [main/INFO] (Minecraft) Created: 1024x512x0 minecraft:textures/atlas/shield_patterns.png-atlas
[00:22:54] [main/INFO] (Minecraft) Created: 256x256x0 minecraft:textures/atlas/chest.png-atlas
[00:22:54] [main/INFO] (Minecraft) Created: 512x256x0 minecraft:textures/atlas/beds.png-atlas
[00:22:54] [main/INFO] (Minecraft) Created: 512x256x0 minecraft:textures/atlas/shulker_boxes.png-atlas
[00:22:55] [main/INFO] (Minecraft) Created: 256x256x0 minecraft:textures/atlas/particles.png-atlas
[00:22:55] [main/INFO] (Minecraft) Created: 256x256x0 minecraft:textures/atlas/paintings.png-atlas
[00:22:55] [main/INFO] (Minecraft) Created: 256x128x0 minecraft:textures/atlas/mob_effects.png-atlas
[00:22:58] [main/WARN] (Minecraft) Ambiguity between arguments [teleport, destination] and [teleport, targets] with inputs: [Player, 0123, @e, dd12be42-52a9-4a91-a8a1-11c01849e498]
[00:22:58] [main/WARN] (Minecraft) Ambiguity between arguments [teleport, location] and [teleport, destination] with inputs: [0.1 -0.5 .9, 0 0 0]
[00:22:58] [main/WARN] (Minecraft) Ambiguity between arguments [teleport, location] and [teleport, targets] with inputs: [0.1 -0.5 .9, 0 0 0]
[00:22:58] [main/WARN] (Minecraft) Ambiguity between arguments [teleport, targets] and [teleport, destination] with inputs: [Player, 0123, dd12be42-52a9-4a91-a8a1-11c01849e498]
[00:22:58] [main/WARN] (Minecraft) Ambiguity between arguments [teleport, targets, location] and [teleport, targets, destination] with inputs: [0.1 -0.5 .9, 0 0 0]
[00:22:58] [main/INFO] (Minecraft) Reloading ResourceManager: Default, Fabric Screen Handler API (v1), Fabric Renderer API (v1), Fabric Networking Block Entity (v0), Fabric Key Bindings (v0), Mod Menu, Fabric Loader, Fabric Tool Attribute API (v1), Fabric Renderer - Indigo, Fabric Containers (v0), Fabric Object Builder API (v1), Fabric Biomes (v1), Fabric Events Interaction (v0), Fabric Item API (v1), Fabric Crash Report Info (v1), Fabric API Base, Fabric Rendering (v0), Fabric Rendering (v1), Fabric Key Binding API (v1), Cloth Config v4, Fabric Rendering Data Attachment (v1), Fabric Resource Loader (v0), Fabric Textures (v0), Fabric Content Registries (v0), Fabric Tag Extensions (v0), Fabric Rendering Fluids (v1), Fabric Registry Sync (v0), Fabric BlockRenderLayer Registration (v1), Fabric Lifecycle Events (v1), Fabric Mining Levels (v0), Fabric Renderer Registries (v1), Fabric Events Lifecycle (v0), Fabric Loot Tables (v1), Fabric API, Fabric Models (v0), Fabric Item Groups (v0), Fabric Networking (v0), Fabric Object Builders (v0), Beyond Vanilla, Fabric Tool Attribute API (v1), Beyond Vanilla
[00:22:59] [main/INFO] (Minecraft) Loaded 7 recipes
[00:22:59] [main/INFO] (Minecraft) Loaded 935 advancements
[00:22:59] [main/INFO] (Minecraft) Environment: authHost='https://authserver.mojang.com', accountsHost='https://api.mojang.com', sessionHost='https://sessionserver.mojang.com', name='PROD'
[00:23:03] [Server thread/INFO] (Minecraft) Starting integrated minecraft server version 1.16.1
[00:23:03] [Server thread/INFO] (Minecraft) Generating keypair
[00:23:03] [Server thread/INFO] (Minecraft) Preparing start region for dimension minecraft:overworld
[00:23:03] [main/INFO] (Minecraft) Preparing spawn area: 0%
[00:23:03] [main/INFO] (Minecraft) Preparing spawn area: 70%
[00:23:03] [main/INFO] (Minecraft) Time elapsed: 634 ms
[00:23:04] [Server thread/INFO] (Minecraft) Changing view distance to 11, from 10
[00:23:04] [Server thread/INFO] (Minecraft) Player604[local:E:5a4f4bc1] logged in with entity id 43 at (-179.4223019209924, 6.7566447537750465, -814.5005977172815)
[00:23:04] [Server thread/INFO] (Minecraft) Player604 joined the game
[00:23:05] [Server thread/INFO] (Minecraft) Saving and pausing game...
[00:23:05] [Server thread/INFO] (Minecraft) Saving chunks for level 'ServerLevel[New World]'/minecraft:overworld
[00:23:05] [main/INFO] (Minecraft) Loaded 0 advancements
[00:23:05] [Server thread/INFO] (Minecraft) Saving chunks for level 'ServerLevel[New World]'/minecraft:the_nether
[00:23:05] [Server thread/INFO] (Minecraft) Saving chunks for level 'ServerLevel[New World]'/minecraft:the_end
[00:23:06] [Server thread/INFO] (Minecraft) Saving and pausing game...
[00:23:06] [Server thread/INFO] (Minecraft) Saving chunks for level 'ServerLevel[New World]'/minecraft:overworld
[00:23:06] [Server thread/INFO] (Minecraft) Saving chunks for level 'ServerLevel[New World]'/minecraft:the_nether
[00:23:06] [Server thread/INFO] (Minecraft) Saving chunks for level 'ServerLevel[New World]'/minecraft:the_end
[00:23:09] [Server thread/INFO] (Minecraft) Saving and pausing game...
[00:23:09] [Server thread/INFO] (Minecraft) Saving chunks for level 'ServerLevel[New World]'/minecraft:overworld
[00:23:09] [Server thread/INFO] (Minecraft) Saving chunks for level 'ServerLevel[New World]'/minecraft:the_nether
[00:23:09] [Server thread/INFO] (Minecraft) Saving chunks for level 'ServerLevel[New World]'/minecraft:the_end
[00:24:08] [Server thread/INFO] (Minecraft) Saving and pausing game...
[00:24:08] [Server thread/INFO] (Minecraft) Saving chunks for level 'ServerLevel[New World]'/minecraft:overworld
[00:24:08] [Server thread/INFO] (Minecraft) Saving chunks for level 'ServerLevel[New World]'/minecraft:the_nether
[00:24:08] [Server thread/INFO] (Minecraft) Saving chunks for level 'ServerLevel[New World]'/minecraft:the_end
[00:24:08] [Server thread/INFO] (Minecraft) Player604 lost connection: Disconnected
[00:24:08] [Server thread/INFO] (Minecraft) Player604 left the game
[00:24:08] [Server thread/INFO] (Minecraft) Stopping singleplayer server as player logged out
[00:24:08] [Server thread/INFO] (Minecraft) Stopping server
[00:24:08] [Server thread/INFO] (Minecraft) Saving players
[00:24:08] [Server thread/INFO] (Minecraft) Saving worlds
[00:24:08] [Server thread/INFO] (Minecraft) Saving chunks for level 'ServerLevel[New World]'/minecraft:overworld
[00:24:09] [Server thread/INFO] (Minecraft) ThreadedAnvilChunkStorage (New World (1)): All chunks are saved
[00:24:09] [Server thread/INFO] (Minecraft) Saving chunks for level 'ServerLevel[New World]'/minecraft:the_nether
[00:24:09] [Server thread/INFO] (Minecraft) ThreadedAnvilChunkStorage (DIM-1): All chunks are saved
[00:24:09] [Server thread/INFO] (Minecraft) Saving chunks for level 'ServerLevel[New World]'/minecraft:the_end
[00:24:09] [Server thread/INFO] (Minecraft) ThreadedAnvilChunkStorage (DIM1): All chunks are saved
[00:24:09] [Server thread/INFO] (Minecraft) ThreadedAnvilChunkStorage (New World (1)): All chunks are saved
[00:24:09] [Server thread/INFO] (Minecraft) ThreadedAnvilChunkStorage (DIM-1): All chunks are saved
[00:24:09] [Server thread/INFO] (Minecraft) ThreadedAnvilChunkStorage (DIM1): All chunks are saved
[00:24:12] [main/INFO] (Minecraft) Attempt 1...
[00:24:13] [main/WARN] (Minecraft) Ambiguity between arguments [teleport, destination] and [teleport, targets] with inputs: [Player, 0123, @e, dd12be42-52a9-4a91-a8a1-11c01849e498]
[00:24:13] [main/WARN] (Minecraft) Ambiguity between arguments [teleport, location] and [teleport, destination] with inputs: [0.1 -0.5 .9, 0 0 0]
[00:24:13] [main/WARN] (Minecraft) Ambiguity between arguments [teleport, location] and [teleport, targets] with inputs: [0.1 -0.5 .9, 0 0 0]
[00:24:13] [main/WARN] (Minecraft) Ambiguity between arguments [teleport, targets] and [teleport, destination] with inputs: [Player, 0123, dd12be42-52a9-4a91-a8a1-11c01849e498]
[00:24:13] [main/WARN] (Minecraft) Ambiguity between arguments [teleport, targets, location] and [teleport, targets, destination] with inputs: [0.1 -0.5 .9, 0 0 0]
[00:24:13] [main/INFO] (Minecraft) Reloading ResourceManager: Default, Fabric Screen Handler API (v1), Fabric Renderer API (v1), Fabric Networking Block Entity (v0), Fabric Key Bindings (v0), Mod Menu, Fabric Loader, Fabric Tool Attribute API (v1), Fabric Renderer - Indigo, Fabric Containers (v0), Fabric Object Builder API (v1), Fabric Biomes (v1), Fabric Events Interaction (v0), Fabric Item API (v1), Fabric Crash Report Info (v1), Fabric API Base, Fabric Rendering (v0), Fabric Rendering (v1), Fabric Key Binding API (v1), Cloth Config v4, Fabric Rendering Data Attachment (v1), Fabric Resource Loader (v0), Fabric Textures (v0), Fabric Content Registries (v0), Fabric Tag Extensions (v0), Fabric Rendering Fluids (v1), Fabric Registry Sync (v0), Fabric BlockRenderLayer Registration (v1), Fabric Lifecycle Events (v1), Fabric Mining Levels (v0), Fabric Renderer Registries (v1), Fabric Events Lifecycle (v0), Fabric Loot Tables (v1), Fabric API, Fabric Models (v0), Fabric Item Groups (v0), Fabric Networking (v0), Fabric Object Builders (v0), Beyond Vanilla, Fabric Tool Attribute API (v1), Beyond Vanilla
[00:24:13] [main/INFO] (Minecraft) Loaded 7 recipes
[00:24:13] [main/INFO] (Minecraft) Loaded 935 advancements
[00:24:13] [main/INFO] (Minecraft) Environment: authHost='https://authserver.mojang.com', accountsHost='https://api.mojang.com', sessionHost='https://sessionserver.mojang.com', name='PROD'
[00:24:17] [Server thread/INFO] (Minecraft) Starting integrated minecraft server version 1.16.1
[00:24:17] [Server thread/INFO] (Minecraft) Generating keypair
[00:24:17] [Server thread/INFO] (Minecraft) Preparing start region for dimension minecraft:overworld
[00:24:17] [main/INFO] (Minecraft) Preparing spawn area: 0%
[00:24:17] [Server thread/INFO] (Minecraft) Changing view distance to 11, from 10
[00:24:17] [main/INFO] (Minecraft) Time elapsed: 201 ms
[00:24:17] [Server thread/INFO] (Minecraft) Player604[local:E:314ca4c6] logged in with entity id 1647 at (66.98686586365474, 4.0, 133.18569012503752)
[00:24:17] [Server thread/INFO] (Minecraft) Player604 joined the game
[00:24:17] [Server thread/INFO] (Minecraft) Player604 has reached the goal [Sky's the Limit]
[00:24:17] [Server thread/INFO] (Minecraft) Saving and pausing game...
[00:24:17] [Server thread/INFO] (Minecraft) Saving chunks for level 'ServerLevel[New World]'/minecraft:overworld
[00:24:17] [main/INFO] (Minecraft) [CHAT] Player604 has reached the goal [Sky's the Limit]
[00:24:17] [Server thread/INFO] (Minecraft) Saving chunks for level 'ServerLevel[New World]'/minecraft:the_nether
[00:24:17] [main/INFO] (Minecraft) Loaded 19 advancements
[00:24:17] [Server thread/INFO] (Minecraft) Saving chunks for level 'ServerLevel[New World]'/minecraft:the_end
[00:24:25] [main/INFO] (Minecraft) [CHAT] Saved screenshot as 2020-09-04_00.24.25.png
[00:24:49] [Server thread/INFO] (Minecraft) Saving and pausing game...
[00:24:49] [Server thread/INFO] (Minecraft) Saving chunks for level 'ServerLevel[New World]'/minecraft:overworld
[00:24:49] [Server thread/INFO] (Minecraft) Saving chunks for level 'ServerLevel[New World]'/minecraft:the_nether
[00:24:49] [Server thread/INFO] (Minecraft) Saving chunks for level 'ServerLevel[New World]'/minecraft:the_end
[00:24:49] [Server thread/INFO] (Minecraft) Player604 lost connection: Disconnected
[00:24:49] [Server thread/INFO] (Minecraft) Player604 left the game
[00:24:49] [Server thread/INFO] (Minecraft) Stopping singleplayer server as player logged out
[00:24:49] [Server thread/INFO] (Minecraft) Stopping server
[00:24:49] [Server thread/INFO] (Minecraft) Saving players
[00:24:49] [Server thread/INFO] (Minecraft) Saving worlds
[00:24:49] [Server thread/INFO] (Minecraft) Saving chunks for level 'ServerLevel[New World]'/minecraft:overworld
[00:24:49] [Server thread/INFO] (Minecraft) ThreadedAnvilChunkStorage (New World): All chunks are saved
[00:24:49] [Server thread/INFO] (Minecraft) Saving chunks for level 'ServerLevel[New World]'/minecraft:the_nether
[00:24:49] [Server thread/INFO] (Minecraft) ThreadedAnvilChunkStorage (DIM-1): All chunks are saved
[00:24:49] [Server thread/INFO] (Minecraft) Saving chunks for level 'ServerLevel[New World]'/minecraft:the_end
[00:24:49] [Server thread/INFO] (Minecraft) ThreadedAnvilChunkStorage (DIM1): All chunks are saved
[00:24:49] [Server thread/INFO] (Minecraft) ThreadedAnvilChunkStorage (New World): All chunks are saved
[00:24:49] [Server thread/INFO] (Minecraft) ThreadedAnvilChunkStorage (DIM-1): All chunks are saved
[00:24:49] [Server thread/INFO] (Minecraft) ThreadedAnvilChunkStorage (DIM1): All chunks are saved
[00:24:50] [main/INFO] (Minecraft) Stopping!
